[INFO] Scanning for projects...
[INFO] 
[INFO] ---------------< de.goaldone:goaldone_prototype_backend >---------------
[INFO] Building goaldone_prototype_backend 0.0.1-SNAPSHOT
[INFO]   from pom.xml
[INFO] --------------------------------[ jar ]---------------------------------
[INFO] 
[INFO] >>> spring-boot:3.4.3:run (default-cli) > test-compile @ goaldone_prototype_backend >>>
[INFO] 
[INFO] --- openapi-generator:7.12.0:generate (default) @ goaldone_prototype_backend ---
[INFO] Previous run output is removed from /Users/johannes/IdeaProjects/goaldone_prototype_backend/target/generated-sources/openapi
[INFO] Generating with dryRun=false
[INFO] Output directory (/Users/johannes/IdeaProjects/goaldone_prototype_backend/target/generated-sources/openapi) does not exist, or is inaccessible. No file (.openapi-generator-ignore) will be evaluated.
[INFO] OpenAPI Generator: spring (server)
[INFO] Generator 'spring' is considered stable.
[INFO] ----------------------------------
[INFO] Set base package to invoker package (de.goaldone.backend.invoker)
[INFO] Environment variable JAVA_POST_PROCESS_FILE not defined so the Java code may not be properly formatted. To define it, try 'export JAVA_POST_PROCESS_FILE="/usr/local/bin/clang-format -i"' (Linux/Mac)
[INFO] NOTE: To enable file post-processing, 'enablePostProcessFile' must be set to `true` (--enable-post-process-file for CLI).
[INFO] Processing operation login
[INFO] Processing operation refreshToken
[INFO] Processing operation logout
[INFO] Processing operation changePassword
[INFO] Processing operation acceptInvitation
[INFO] Processing operation getMyProfile
[INFO] Processing operation updateMyProfile
[INFO] Processing operation deleteMyAccount
[INFO] Processing operation getMyOrganization
[INFO] Processing operation updateOrganizationSettings
[INFO] Processing operation listMembers
[INFO] Processing operation removeMember
[INFO] Processing operation updateMemberRole
[INFO] Processing operation listInvitations
[INFO] Processing operation createInvitation
[INFO] Processing operation revokeInvitation
[INFO] Processing operation listTasks
[INFO] Processing operation createTask
[INFO] Processing operation getTask
[INFO] Processing operation updateTask
[INFO] Processing operation deleteTask
[INFO] Processing operation completeTask
[INFO] Processing operation reopenTask
[INFO] Processing operation listBreaks
[INFO] Processing operation createBreak
[INFO] Processing operation updateBreak
[INFO] Processing operation deleteBreak
[INFO] Processing operation getSchedule
[INFO] Processing operation generateSchedule
[INFO] Processing operation listOrganizations
[INFO] Processing operation createOrganization
[INFO] Processing operation deleteOrganization
[INFO] Processing operation addSuperAdmin
[INFO] writing file /Users/johannes/IdeaProjects/goaldone_prototype_backend/target/generated-sources/openapi/src/main/java/de/goaldone/backend/model/AcceptInvitationRequest.java
[INFO] writing file /Users/johannes/IdeaProjects/goaldone_prototype_backend/target/generated-sources/openapi/src/main/java/de/goaldone/backend/model/AddSuperAdminRequest.java
[INFO] writing file /Users/johannes/IdeaProjects/goaldone_prototype_backend/target/generated-sources/openapi/src/main/java/de/goaldone/backend/model/BreakResponse.java
[INFO] writing file /Users/johannes/IdeaProjects/goaldone_prototype_backend/target/generated-sources/openapi/src/main/java/de/goaldone/backend/model/ChangePasswordRequest.java
[INFO] writing file /Users/johannes/IdeaProjects/goaldone_prototype_backend/target/generated-sources/openapi/src/main/java/de/goaldone/backend/model/CognitiveLoad.java
[INFO] writing file /Users/johannes/IdeaProjects/goaldone_prototype_backend/target/generated-sources/openapi/src/main/java/de/goaldone/backend/model/CreateBreakRequest.java
[INFO] writing file /Users/johannes/IdeaProjects/goaldone_prototype_backend/target/generated-sources/openapi/src/main/java/de/goaldone/backend/model/CreateInvitationRequest.java
[INFO] writing file /Users/johannes/IdeaProjects/goaldone_prototype_backend/target/generated-sources/openapi/src/main/java/de/goaldone/backend/model/CreateOrganizationRequest.java
[INFO] writing file /Users/johannes/IdeaProjects/goaldone_prototype_backend/target/generated-sources/openapi/src/main/java/de/goaldone/backend/model/CreateTaskRequest.java
[INFO] writing file /Users/johannes/IdeaProjects/goaldone_prototype_backend/target/generated-sources/openapi/src/main/java/de/goaldone/backend/model/FieldError.java
[INFO] writing file /Users/johannes/IdeaProjects/goaldone_prototype_backend/target/generated-sources/openapi/src/main/java/de/goaldone/backend/model/GenerateScheduleRequest.java
[INFO] writing file /Users/johannes/IdeaProjects/goaldone_prototype_backend/target/generated-sources/openapi/src/main/java/de/goaldone/backend/model/InvitationPage.java
[INFO] writing file /Users/johannes/IdeaProjects/goaldone_prototype_backend/target/generated-sources/openapi/src/main/java/de/goaldone/backend/model/InvitationResponse.java
[INFO] writing file /Users/johannes/IdeaProjects/goaldone_prototype_backend/target/generated-sources/openapi/src/main/java/de/goaldone/backend/model/LoginRequest.java
[INFO] writing file /Users/johannes/IdeaProjects/goaldone_prototype_backend/target/generated-sources/openapi/src/main/java/de/goaldone/backend/model/LoginResponse.java
[INFO] writing file /Users/johannes/IdeaProjects/goaldone_prototype_backend/target/generated-sources/openapi/src/main/java/de/goaldone/backend/model/MemberPage.java
[INFO] writing file /Users/johannes/IdeaProjects/goaldone_prototype_backend/target/generated-sources/openapi/src/main/java/de/goaldone/backend/model/MemberResponse.java
[INFO] writing file /Users/johannes/IdeaProjects/goaldone_prototype_backend/target/generated-sources/openapi/src/main/java/de/goaldone/backend/model/OrganizationPage.java
[INFO] writing file /Users/johannes/IdeaProjects/goaldone_prototype_backend/target/generated-sources/openapi/src/main/java/de/goaldone/backend/model/OrganizationResponse.java
[INFO] writing file /Users/johannes/IdeaProjects/goaldone_prototype_backend/target/generated-sources/openapi/src/main/java/de/goaldone/backend/model/PageMetadata.java
[INFO] writing file /Users/johannes/IdeaProjects/goaldone_prototype_backend/target/generated-sources/openapi/src/main/java/de/goaldone/backend/model/ProblemDetail.java
[INFO] writing file /Users/johannes/IdeaProjects/goaldone_prototype_backend/target/generated-sources/openapi/src/main/java/de/goaldone/backend/model/RecurrenceRule.java
[INFO] writing file /Users/johannes/IdeaProjects/goaldone_prototype_backend/target/generated-sources/openapi/src/main/java/de/goaldone/backend/model/RecurrenceType.java
[INFO] writing file /Users/johannes/IdeaProjects/goaldone_prototype_backend/target/generated-sources/openapi/src/main/java/de/goaldone/backend/model/RefreshRequest.java
[INFO] writing file /Users/johannes/IdeaProjects/goaldone_prototype_backend/target/generated-sources/openapi/src/main/java/de/goaldone/backend/model/RefreshResponse.java
[INFO] writing file /Users/johannes/IdeaProjects/goaldone_prototype_backend/target/generated-sources/openapi/src/main/java/de/goaldone/backend/model/Role.java
[INFO] writing file /Users/johannes/IdeaProjects/goaldone_prototype_backend/target/generated-sources/openapi/src/main/java/de/goaldone/backend/model/ScheduleEntry.java
[INFO] writing file /Users/johannes/IdeaProjects/goaldone_prototype_backend/target/generated-sources/openapi/src/main/java/de/goaldone/backend/model/ScheduleResponse.java
[INFO] writing file /Users/johannes/IdeaProjects/goaldone_prototype_backend/target/generated-sources/openapi/src/main/java/de/goaldone/backend/model/TaskPage.java
[INFO] writing file /Users/johannes/IdeaProjects/goaldone_prototype_backend/target/generated-sources/openapi/src/main/java/de/goaldone/backend/model/TaskResponse.java
[INFO] writing file /Users/johannes/IdeaProjects/goaldone_prototype_backend/target/generated-sources/openapi/src/main/java/de/goaldone/backend/model/TaskStatus.java
[INFO] writing file /Users/johannes/IdeaProjects/goaldone_prototype_backend/target/generated-sources/openapi/src/main/java/de/goaldone/backend/model/UpdateMemberRoleRequest.java
[INFO] writing file /Users/johannes/IdeaProjects/goaldone_prototype_backend/target/generated-sources/openapi/src/main/java/de/goaldone/backend/model/UpdateOrganizationSettingsRequest.java
[INFO] writing file /Users/johannes/IdeaProjects/goaldone_prototype_backend/target/generated-sources/openapi/src/main/java/de/goaldone/backend/model/UpdateTaskRequest.java
[INFO] writing file /Users/johannes/IdeaProjects/goaldone_prototype_backend/target/generated-sources/openapi/src/main/java/de/goaldone/backend/model/UpdateUserRequest.java
[INFO] writing file /Users/johannes/IdeaProjects/goaldone_prototype_backend/target/generated-sources/openapi/src/main/java/de/goaldone/backend/model/UserResponse.java
[INFO] writing file /Users/johannes/IdeaProjects/goaldone_prototype_backend/target/generated-sources/openapi/src/main/java/de/goaldone/backend/api/AdminApi.java
[INFO] writing file /Users/johannes/IdeaProjects/goaldone_prototype_backend/target/generated-sources/openapi/src/main/java/de/goaldone/backend/api/AuthApi.java
[INFO] writing file /Users/johannes/IdeaProjects/goaldone_prototype_backend/target/generated-sources/openapi/src/main/java/de/goaldone/backend/api/BreaksApi.java
[INFO] writing file /Users/johannes/IdeaProjects/goaldone_prototype_backend/target/generated-sources/openapi/src/main/java/de/goaldone/backend/api/OrganizationsApi.java
[INFO] writing file /Users/johannes/IdeaProjects/goaldone_prototype_backend/target/generated-sources/openapi/src/main/java/de/goaldone/backend/api/ScheduleApi.java
[INFO] writing file /Users/johannes/IdeaProjects/goaldone_prototype_backend/target/generated-sources/openapi/src/main/java/de/goaldone/backend/api/TasksApi.java
[INFO] writing file /Users/johannes/IdeaProjects/goaldone_prototype_backend/target/generated-sources/openapi/src/main/java/de/goaldone/backend/api/UsersApi.java
[INFO] Skipping generation of Webhooks.
[INFO] writing file /Users/johannes/IdeaProjects/goaldone_prototype_backend/target/generated-sources/openapi/pom.xml
[INFO] writing file /Users/johannes/IdeaProjects/goaldone_prototype_backend/target/generated-sources/openapi/README.md
[INFO] writing file /Users/johannes/IdeaProjects/goaldone_prototype_backend/target/generated-sources/openapi/src/main/java/de/goaldone/backend/api/ApiUtil.java
[INFO] writing file /Users/johannes/IdeaProjects/goaldone_prototype_backend/target/generated-sources/openapi/.openapi-generator-ignore
[INFO] writing file /Users/johannes/IdeaProjects/goaldone_prototype_backend/target/generated-sources/openapi/.openapi-generator/VERSION
[INFO] writing file /Users/johannes/IdeaProjects/goaldone_prototype_backend/target/generated-sources/openapi/.openapi-generator/FILES
################################################################################
# Thanks for using OpenAPI Generator.                                          #
# Please consider donation to help us maintain this project 🙏                 #
# https://opencollective.com/openapi_generator/donate                          #
################################################################################
[INFO] 
[INFO] --- resources:3.3.1:resources (default-resources) @ goaldone_prototype_backend ---
[INFO] Copying 3 resources from src/main/resources to target/classes
[INFO] Copying 9 resources from src/main/resources to target/classes
[INFO] 
[INFO] --- compiler:3.13.0:compile (default-compile) @ goaldone_prototype_backend ---
[INFO] Recompiling the module because of changed source code.
[INFO] Compiling 75 source files with javac [debug parameters release 21] to target/classes
[WARNING] /Users/johannes/IdeaProjects/goaldone_prototype_backend/target/generated-sources/openapi/src/main/java/de/goaldone/backend/model/UpdateOrganizationSettingsRequest.java:[34,32] @Builder will ignore the initializing expression entirely. If you want the initializing expression to serve as default, add @Builder.Default. If it is not supposed to be settable during building, make the field final.
[WARNING] /Users/johannes/IdeaProjects/goaldone_prototype_backend/target/generated-sources/openapi/src/main/java/de/goaldone/backend/model/OrganizationResponse.java:[41,32] @Builder will ignore the initializing expression entirely. If you want the initializing expression to serve as default, add @Builder.Default. If it is not supposed to be settable during building, make the field final.
[WARNING] /Users/johannes/IdeaProjects/goaldone_prototype_backend/target/generated-sources/openapi/src/main/java/de/goaldone/backend/model/TaskResponse.java:[44,32] @Builder will ignore the initializing expression entirely. If you want the initializing expression to serve as default, add @Builder.Default. If it is not supposed to be settable during building, make the field final.
[WARNING] /Users/johannes/IdeaProjects/goaldone_prototype_backend/target/generated-sources/openapi/src/main/java/de/goaldone/backend/model/TaskResponse.java:[53,35] @Builder will ignore the initializing expression entirely. If you want the initializing expression to serve as default, add @Builder.Default. If it is not supposed to be settable during building, make the field final.
[WARNING] /Users/johannes/IdeaProjects/goaldone_prototype_backend/target/generated-sources/openapi/src/main/java/de/goaldone/backend/model/TaskResponse.java:[57,30] @Builder will ignore the initializing expression entirely. If you want the initializing expression to serve as default, add @Builder.Default. If it is not supposed to be settable during building, make the field final.
[WARNING] /Users/johannes/IdeaProjects/goaldone_prototype_backend/target/generated-sources/openapi/src/main/java/de/goaldone/backend/model/TaskResponse.java:[64,40] @Builder will ignore the initializing expression entirely. If you want the initializing expression to serve as default, add @Builder.Default. If it is not supposed to be settable during building, make the field final.
[WARNING] /Users/johannes/IdeaProjects/goaldone_prototype_backend/target/generated-sources/openapi/src/main/java/de/goaldone/backend/model/UpdateTaskRequest.java:[39,50] @Builder will ignore the initializing expression entirely. If you want the initializing expression to serve as default, add @Builder.Default. If it is not supposed to be settable during building, make the field final.
[WARNING] /Users/johannes/IdeaProjects/goaldone_prototype_backend/target/generated-sources/openapi/src/main/java/de/goaldone/backend/model/UpdateTaskRequest.java:[46,35] @Builder will ignore the initializing expression entirely. If you want the initializing expression to serve as default, add @Builder.Default. If it is not supposed to be settable during building, make the field final.
[WARNING] /Users/johannes/IdeaProjects/goaldone_prototype_backend/target/generated-sources/openapi/src/main/java/de/goaldone/backend/model/UserResponse.java:[47,30] @Builder will ignore the initializing expression entirely. If you want the initializing expression to serve as default, add @Builder.Default. If it is not supposed to be settable during building, make the field final.
[WARNING] /Users/johannes/IdeaProjects/goaldone_prototype_backend/target/generated-sources/openapi/src/main/java/de/goaldone/backend/model/CreateTaskRequest.java:[39,50] @Builder will ignore the initializing expression entirely. If you want the initializing expression to serve as default, add @Builder.Default. If it is not supposed to be settable during building, make the field final.
[WARNING] /Users/johannes/IdeaProjects/goaldone_prototype_backend/target/generated-sources/openapi/src/main/java/de/goaldone/backend/model/CreateTaskRequest.java:[46,35] @Builder will ignore the initializing expression entirely. If you want the initializing expression to serve as default, add @Builder.Default. If it is not supposed to be settable during building, make the field final.
[WARNING] /Users/johannes/IdeaProjects/goaldone_prototype_backend/target/generated-sources/openapi/src/main/java/de/goaldone/backend/model/ScheduleEntry.java:[81,30] @Builder will ignore the initializing expression entirely. If you want the initializing expression to serve as default, add @Builder.Default. If it is not supposed to be settable during building, make the field final.
[WARNING] /Users/johannes/IdeaProjects/goaldone_prototype_backend/target/generated-sources/openapi/src/main/java/de/goaldone/backend/model/ScheduleEntry.java:[83,32] @Builder will ignore the initializing expression entirely. If you want the initializing expression to serve as default, add @Builder.Default. If it is not supposed to be settable during building, make the field final.
[WARNING] /Users/johannes/IdeaProjects/goaldone_prototype_backend/target/generated-sources/openapi/src/main/java/de/goaldone/backend/model/ScheduleEntry.java:[85,30] @Builder will ignore the initializing expression entirely. If you want the initializing expression to serve as default, add @Builder.Default. If it is not supposed to be settable during building, make the field final.
[WARNING] /Users/johannes/IdeaProjects/goaldone_prototype_backend/target/generated-sources/openapi/src/main/java/de/goaldone/backend/model/ScheduleEntry.java:[87,32] @Builder will ignore the initializing expression entirely. If you want the initializing expression to serve as default, add @Builder.Default. If it is not supposed to be settable during building, make the field final.
[INFO] 
[INFO] --- resources:3.3.1:testResources (default-testResources) @ goaldone_prototype_backend ---
[INFO] skip non existing resourceDirectory /Users/johannes/IdeaProjects/goaldone_prototype_backend/src/test/resources
[INFO] 
[INFO] --- compiler:3.13.0:testCompile (default-testCompile) @ goaldone_prototype_backend ---
[INFO] Recompiling the module because of changed dependency.
[INFO] Compiling 1 source file with javac [debug parameters release 21] to target/test-classes
[INFO] 
[INFO] <<< spring-boot:3.4.3:run (default-cli) < test-compile @ goaldone_prototype_backend <<<
[INFO] 
[INFO] 
[INFO] --- spring-boot:3.4.3:run (default-cli) @ goaldone_prototype_backend ---
[INFO] Attaching agents: []

  .   ____          _            __ _ _
 /\\ / ___'_ __ _ _(_)_ __  __ _ \ \ \ \
( ( )\___ | '_ | '_| | '_ \/ _` | \ \ \ \
 \\/  ___)| |_)| | | | | || (_| |  ) ) ) )
  '  |____| .__|_| |_|_| |_\__, | / / / /
 =========|_|==============|___/=/_/_/_/

 :: Spring Boot ::                (v3.4.3)

2026-03-15T19:17:50.255+01:00  INFO 54035 --- [goaldone-backend] [           main] .g.b.GoaldonePrototypeBackendApplication : Starting GoaldonePrototypeBackendApplication using Java 21.0.10 with PID 54035 (/Users/johannes/IdeaProjects/goaldone_prototype_backend/target/classes started by johannes in /Users/johannes/IdeaProjects/goaldone_prototype_backend)
2026-03-15T19:17:50.256+01:00  INFO 54035 --- [goaldone-backend] [           main] .g.b.GoaldonePrototypeBackendApplication : The following 1 profile is active: "dev"
2026-03-15T19:17:50.525+01:00  INFO 54035 --- [goaldone-backend] [           main] .s.d.r.c.RepositoryConfigurationDelegate : Bootstrapping Spring Data JPA repositories in DEFAULT mode.
2026-03-15T19:17:50.552+01:00  INFO 54035 --- [goaldone-backend] [           main] .s.d.r.c.RepositoryConfigurationDelegate : Finished Spring Data repository scanning in 22 ms. Found 7 JPA repository interfaces.
2026-03-15T19:17:50.743+01:00  INFO 54035 --- [goaldone-backend] [           main] o.s.b.w.embedded.tomcat.TomcatWebServer  : Tomcat initialized with port 8080 (http)
2026-03-15T19:17:50.749+01:00  INFO 54035 --- [goaldone-backend] [           main] o.apache.catalina.core.StandardService   : Starting service [Tomcat]
2026-03-15T19:17:50.749+01:00  INFO 54035 --- [goaldone-backend] [           main] o.apache.catalina.core.StandardEngine    : Starting Servlet engine: [Apache Tomcat/10.1.36]
2026-03-15T19:17:50.766+01:00  INFO 54035 --- [goaldone-backend] [           main] o.a.c.c.C.[.[localhost].[/api/v1]        : Initializing Spring embedded WebApplicationContext
2026-03-15T19:17:50.766+01:00  INFO 54035 --- [goaldone-backend] [           main] w.s.c.ServletWebServerApplicationContext : Root WebApplicationContext: initialization completed in 498 ms
2026-03-15T19:17:50.822+01:00  INFO 54035 --- [goaldone-backend] [           main] com.zaxxer.hikari.HikariDataSource       : HikariPool-1 - Starting...
2026-03-15T19:17:50.883+01:00  INFO 54035 --- [goaldone-backend] [           main] com.zaxxer.hikari.pool.HikariPool        : HikariPool-1 - Added connection conn0: url=jdbc:h2:mem:goaldone user=SA
2026-03-15T19:17:50.883+01:00  INFO 54035 --- [goaldone-backend] [           main] com.zaxxer.hikari.HikariDataSource       : HikariPool-1 - Start completed.
2026-03-15T19:17:50.904+01:00  INFO 54035 --- [goaldone-backend] [           main] liquibase.database                       : Set default schema name to PUBLIC
2026-03-15T19:17:50.982+01:00  INFO 54035 --- [goaldone-backend] [           main] liquibase.changelog                      : Reading resource: db/changelog/changes/0001-create-organizations.sql
2026-03-15T19:17:50.986+01:00  INFO 54035 --- [goaldone-backend] [           main] liquibase.changelog                      : Reading resource: db/changelog/changes/0002-create-users.sql
2026-03-15T19:17:50.987+01:00  INFO 54035 --- [goaldone-backend] [           main] liquibase.changelog                      : Reading resource: db/changelog/changes/0003-create-invitations.sql
2026-03-15T19:17:50.988+01:00  INFO 54035 --- [goaldone-backend] [           main] liquibase.changelog                      : Reading resource: db/changelog/changes/0004-create-tasks.sql
2026-03-15T19:17:50.989+01:00  INFO 54035 --- [goaldone-backend] [           main] liquibase.changelog                      : Reading resource: db/changelog/changes/0005-create-breaks.sql
2026-03-15T19:17:50.990+01:00  INFO 54035 --- [goaldone-backend] [           main] liquibase.changelog                      : Reading resource: db/changelog/changes/0006-create-schedule-entries.sql
2026-03-15T19:17:50.991+01:00  INFO 54035 --- [goaldone-backend] [           main] liquibase.changelog                      : Reading resource: db/changelog/changes/0007-seed-dev-user.sql
2026-03-15T19:17:51.005+01:00  INFO 54035 --- [goaldone-backend] [           main] liquibase.changelog                      : Creating database history table with name: PUBLIC.DATABASECHANGELOG
2026-03-15T19:17:51.036+01:00  INFO 54035 --- [goaldone-backend] [           main] liquibase.changelog                      : Reading from PUBLIC.DATABASECHANGELOG
2026-03-15T19:17:51.050+01:00  INFO 54035 --- [goaldone-backend] [           main] liquibase.lockservice                    : Changelog-Protokoll erfolgreich gesperrt.
2026-03-15T19:17:51.050+01:00  INFO 54035 --- [goaldone-backend] [           main] liquibase.command                        : Using deploymentId: 3598671050
2026-03-15T19:17:51.051+01:00  INFO 54035 --- [goaldone-backend] [           main] liquibase.changelog                      : Reading from PUBLIC.DATABASECHANGELOG
2026-03-15T19:17:51.055+01:00  INFO 54035 --- [goaldone-backend] [           main] liquibase.ui                             : Running Changeset: db/changelog/changes/0001-create-organizations.sql::0001-create-organizations::goaldone
2026-03-15T19:17:51.060+01:00  INFO 54035 --- [goaldone-backend] [           main] liquibase.changelog                      : Custom SQL executed
2026-03-15T19:17:51.061+01:00  INFO 54035 --- [goaldone-backend] [           main] liquibase.changelog                      : ChangeSet db/changelog/changes/0001-create-organizations.sql::0001-create-organizations::goaldone ran successfully in 6ms
2026-03-15T19:17:51.063+01:00  INFO 54035 --- [goaldone-backend] [           main] liquibase.ui                             : Running Changeset: db/changelog/changes/0002-create-users.sql::0002-create-users::goaldone
2026-03-15T19:17:51.067+01:00  INFO 54035 --- [goaldone-backend] [           main] liquibase.changelog                      : Custom SQL executed
2026-03-15T19:17:51.068+01:00  INFO 54035 --- [goaldone-backend] [           main] liquibase.changelog                      : ChangeSet db/changelog/changes/0002-create-users.sql::0002-create-users::goaldone ran successfully in 4ms
2026-03-15T19:17:51.068+01:00  INFO 54035 --- [goaldone-backend] [           main] liquibase.ui                             : Running Changeset: db/changelog/changes/0002-create-users.sql::0002-create-refresh-tokens::goaldone
2026-03-15T19:17:51.071+01:00  INFO 54035 --- [goaldone-backend] [           main] liquibase.changelog                      : Custom SQL executed
2026-03-15T19:17:51.072+01:00  INFO 54035 --- [goaldone-backend] [           main] liquibase.changelog                      : ChangeSet db/changelog/changes/0002-create-users.sql::0002-create-refresh-tokens::goaldone ran successfully in 4ms
2026-03-15T19:17:51.072+01:00  INFO 54035 --- [goaldone-backend] [           main] liquibase.ui                             : Running Changeset: db/changelog/changes/0003-create-invitations.sql::0003-create-invitations::goaldone
2026-03-15T19:17:51.076+01:00  INFO 54035 --- [goaldone-backend] [           main] liquibase.changelog                      : Custom SQL executed
2026-03-15T19:17:51.076+01:00  INFO 54035 --- [goaldone-backend] [           main] liquibase.changelog                      : ChangeSet db/changelog/changes/0003-create-invitations.sql::0003-create-invitations::goaldone ran successfully in 4ms
2026-03-15T19:17:51.076+01:00  INFO 54035 --- [goaldone-backend] [           main] liquibase.ui                             : Running Changeset: db/changelog/changes/0004-create-tasks.sql::0004-create-tasks::goaldone
2026-03-15T19:17:51.082+01:00  INFO 54035 --- [goaldone-backend] [           main] liquibase.changelog                      : Custom SQL executed
2026-03-15T19:17:51.082+01:00  INFO 54035 --- [goaldone-backend] [           main] liquibase.changelog                      : ChangeSet db/changelog/changes/0004-create-tasks.sql::0004-create-tasks::goaldone ran successfully in 6ms
2026-03-15T19:17:51.083+01:00  INFO 54035 --- [goaldone-backend] [           main] liquibase.ui                             : Running Changeset: db/changelog/changes/0005-create-breaks.sql::0005-create-breaks::goaldone
2026-03-15T19:17:51.085+01:00  INFO 54035 --- [goaldone-backend] [           main] liquibase.changelog                      : Custom SQL executed
2026-03-15T19:17:51.085+01:00  INFO 54035 --- [goaldone-backend] [           main] liquibase.changelog                      : ChangeSet db/changelog/changes/0005-create-breaks.sql::0005-create-breaks::goaldone ran successfully in 2ms
2026-03-15T19:17:51.085+01:00  INFO 54035 --- [goaldone-backend] [           main] liquibase.ui                             : Running Changeset: db/changelog/changes/0006-create-schedule-entries.sql::0006-create-schedule-entries::goaldone
2026-03-15T19:17:51.090+01:00  INFO 54035 --- [goaldone-backend] [           main] liquibase.changelog                      : Custom SQL executed
2026-03-15T19:17:51.090+01:00  INFO 54035 --- [goaldone-backend] [           main] liquibase.changelog                      : ChangeSet db/changelog/changes/0006-create-schedule-entries.sql::0006-create-schedule-entries::goaldone ran successfully in 5ms
2026-03-15T19:17:51.091+01:00  INFO 54035 --- [goaldone-backend] [           main] liquibase.ui                             : Running Changeset: db/changelog/changes/0007-seed-dev-user.sql::0007-seed-dev-user::goaldone
2026-03-15T19:17:51.091+01:00  INFO 54035 --- [goaldone-backend] [           main] liquibase.changelog                      : Custom SQL executed
2026-03-15T19:17:51.092+01:00  INFO 54035 --- [goaldone-backend] [           main] liquibase.changelog                      : ChangeSet db/changelog/changes/0007-seed-dev-user.sql::0007-seed-dev-user::goaldone ran successfully in 1ms
2026-03-15T19:17:51.094+01:00  INFO 54035 --- [goaldone-backend] [           main] liquibase.util                           : UPDATE SUMMARY
2026-03-15T19:17:51.094+01:00  INFO 54035 --- [goaldone-backend] [           main] liquibase.util                           : Run:                          8
2026-03-15T19:17:51.094+01:00  INFO 54035 --- [goaldone-backend] [           main] liquibase.util                           : Previously run:               0
2026-03-15T19:17:51.094+01:00  INFO 54035 --- [goaldone-backend] [           main] liquibase.util                           : Filtered out:                 0
2026-03-15T19:17:51.094+01:00  INFO 54035 --- [goaldone-backend] [           main] liquibase.util                           : -------------------------------
2026-03-15T19:17:51.094+01:00  INFO 54035 --- [goaldone-backend] [           main] liquibase.util                           : Total change sets:            8
2026-03-15T19:17:51.094+01:00  INFO 54035 --- [goaldone-backend] [           main] liquibase.util                           : Update summary generated
2026-03-15T19:17:51.095+01:00  INFO 54035 --- [goaldone-backend] [           main] liquibase.command                        : Update command completed successfully.
2026-03-15T19:17:51.095+01:00  INFO 54035 --- [goaldone-backend] [           main] liquibase.ui                             : Liquibase: Update has been successful. Rows affected: 10
2026-03-15T19:17:51.095+01:00  INFO 54035 --- [goaldone-backend] [           main] liquibase.lockservice                    : Successfully released change log lock
2026-03-15T19:17:51.096+01:00  INFO 54035 --- [goaldone-backend] [           main] liquibase.command                        : Command execution complete
2026-03-15T19:17:51.122+01:00  INFO 54035 --- [goaldone-backend] [           main] o.hibernate.jpa.internal.util.LogHelper  : HHH000204: Processing PersistenceUnitInfo [name: default]
2026-03-15T19:17:51.138+01:00  INFO 54035 --- [goaldone-backend] [           main] org.hibernate.Version                    : HHH000412: Hibernate ORM core version 6.6.8.Final
2026-03-15T19:17:51.147+01:00  INFO 54035 --- [goaldone-backend] [           main] o.h.c.internal.RegionFactoryInitiator    : HHH000026: Second-level cache disabled
2026-03-15T19:17:51.222+01:00  INFO 54035 --- [goaldone-backend] [           main] o.s.o.j.p.SpringPersistenceUnitInfo      : No LoadTimeWeaver setup: ignoring JPA class transformer
2026-03-15T19:17:51.244+01:00  INFO 54035 --- [goaldone-backend] [           main] org.hibernate.orm.connections.pooling    : HHH10001005: Database info:
	Database JDBC URL [Connecting through datasource 'HikariDataSource (HikariPool-1)']
	Database driver: undefined/unknown
	Database version: 2.3.232
	Autocommit mode: undefined/unknown
	Isolation level: undefined/unknown
	Minimum pool size: undefined/unknown
	Maximum pool size: undefined/unknown
2026-03-15T19:17:51.545+01:00  INFO 54035 --- [goaldone-backend] [           main] o.h.e.t.j.p.i.JtaPlatformInitiator       : HHH000489: No JTA platform available (set 'hibernate.transaction.jta.platform' to enable JTA platform integration)
2026-03-15T19:17:51.554+01:00  INFO 54035 --- [goaldone-backend] [           main] j.LocalContainerEntityManagerFactoryBean : Initialized JPA EntityManagerFactory for persistence unit 'default'
2026-03-15T19:17:52.003+01:00  INFO 54035 --- [goaldone-backend] [           main] o.s.b.a.h2.H2ConsoleAutoConfiguration    : H2 console available at '/h2-console'. Database available at 'jdbc:h2:mem:goaldone'
2026-03-15T19:17:52.036+01:00  INFO 54035 --- [goaldone-backend] [           main] o.s.b.w.embedded.tomcat.TomcatWebServer  : Tomcat started on port 8080 (http) with context path '/api/v1'
2026-03-15T19:17:52.040+01:00  INFO 54035 --- [goaldone-backend] [           main] .g.b.GoaldonePrototypeBackendApplication : Started GoaldonePrototypeBackendApplication in 1.92 seconds (process running for 2.03)
2026-03-15T19:17:57.173+01:00  INFO 54035 --- [goaldone-backend] [nio-8080-exec-1] o.a.c.c.C.[.[localhost].[/api/v1]        : Initializing Spring DispatcherServlet 'dispatcherServlet'
2026-03-15T19:17:57.173+01:00  INFO 54035 --- [goaldone-backend] [nio-8080-exec-1] o.s.web.servlet.DispatcherServlet        : Initializing Servlet 'dispatcherServlet'
2026-03-15T19:17:57.174+01:00  INFO 54035 --- [goaldone-backend] [nio-8080-exec-1] o.s.web.servlet.DispatcherServlet        : Completed initialization in 1 ms
Hibernate: select u1_0.id,u1_0.created_at,u1_0.email,u1_0.first_name,u1_0.last_name,u1_0.organization_id,u1_0.password_hash,u1_0.role from users u1_0 where u1_0.email=?
Hibernate: insert into refresh_tokens (created_at,expires_at,revoked_at,token_hash,user_id,id) values (?,?,?,?,?,?)
2026-03-15T19:18:02.363+01:00  INFO 54035 --- [goaldone-backend] [nio-8080-exec-4] d.g.backend.security.JwtAuthFilter       : Validated JWT for user: 00000000-0000-0000-0000-000000000002, org: 00000000-0000-0000-0000-000000000001, role: USER
- [goaldone-backend] [tomcat-shutdown] o.s.b.w.e.tomcat.GracefulShutdown        : Graceful shutdown complete
2026-03-15T19:17:48.589+01:00  INFO 53828 --- [goaldone-backend] [ionShutdownHook] j.LocalContainerEntityManagerFactoryBean : Closing JPA EntityManagerFactory for persistence unit 'default'
2026-03-15T19:17:48.591+01:00  INFO 53828 --- [goaldone-backend] [ionShutdownHook] com.zaxxer.hikari.HikariDataSource       : HikariPool-1 - Shutdown initiated...
2026-03-15T19:17:48.592+01:00  INFO 53828 --- [goaldone-backend] [ionShutdownHook] com.zaxxer.hikari.HikariDataSource       : HikariPool-1 - Shutdown completed.
